Good WASH practices is a parent of Latrine use
Government is a parent of Bilateral
Water infrastructures is a parent of Piped Water to a Dwelling
Events is a parent of Administering
Organizations is a parent of Private
Objects is a parent of Personnel
Water infrastructures is a parent of Borehole
Food products and beverages is a parent of Dairy products and egg products
Textiles, apparel and leather products is a parent of Textile articles other than apparel
Good nutrition practices is a parent of Malnutrition
Events is a parent of Providing
IYCF is a parent of Breastfeeding
Business and production services is a parent of Other manufacturing services; publishing, printing and reproduction services; materials recovery services
Metal products, machinery and equipment is a parent of Basic metals
Washing and bathing facilities is a parent of Laundry facilities
Support and operation services to agriculture, hunting, forestry, fishing, mining and utilities is a parent of Famine early warning system
Training topics is a parent of Good nutrition practices
Business and production services is a parent of Livestock services
Good nutrition practices is a parent of IYCF
Textiles, apparel and leather products is a parent of Yarn and thread
Community, social and personal services is a parent of Sewage and waste collection, treatment and disposal and other environmental protection services
Livestock services is a parent of Veterinary services
Water infrastructures is a parent of Rainwater
Operations is a parent of Impact evaluation
Power Generation is a parent of Thermal Energy
Community, social and personal services is a parent of Guardianship and foster parenting
Infrastructures is a parent of Schools
Thermal Energy is a parent of Geothermal
Infrastructures is a parent of Railway lines
Infrastructures is a parent of Water infrastructures
Metal products, machinery and equipment is a parent of Radio, television and communication equipment and apparatus
Water infrastructures is a parent of Irrigation scheme
Metal products, machinery and equipment is a parent of General-purpose machinery
Short Term Housing is a parent of Prefabricated buildings
Roads is a parent of Long-term roads
Food products and beverages is a parent of Grain mill products, starches and starch products
Other transportable goods (except metal products, machinery and equipment) is a parent of Furniture; other transportable goods n.e.c.
Transport services is a parent of Supporting transport services
Infrastructures is a parent of Sanitation
Health facilities is a parent of Urgent Care
Ores and minerals is a parent of Crude petroleum and natural gas
Other transportable goods (except metal products, machinery and equipment) is a parent of Glass and glass products and other non-metallic products n.e.c.
Thermal Energy is a parent of Natural Gas
Human health and social care services is a parent of Malnutrition screening
Rental and leasing services is a parent of Solid waste disposal
Community, social and personal services is a parent of Other services
Business and production services is a parent of Legal and accounting services
Bridge is a parent of Cantilever Bridge
Waste Management is a parent of Solid Waste Management
Business and production services is a parent of Indoor residual spraying
Good WASH practices is a parent of Water safety
Services is a parent of Distributive trade services
Training topics is a parent of ITN use
Chemical Energy is a parent of Fuel Cells
Other transportable goods (except metal products, machinery and equipment) is a parent of Wastes or scraps
Events is a parent of Removing
Bridge is a parent of Arch Bridge
Washing and bathing facilities is a parent of Shower blocks
Metal products, machinery and equipment is a parent of Fabricated metal products, except machinery and equipment
Objects is a parent of Training topics
Metal products, machinery and equipment is a parent of Special-purpose machinery
Roads is a parent of Temporary roads
Goods is a parent of Agriculture, forestry and fishery products
Operations is a parent of Disarmament, demobilization and reintegration? TBC
Private is a parent of Charities
Training topics is a parent of Good WASH practices
Objects is a parent of Training
Power Generation is a parent of Wind Energy
Textiles, apparel and leather products is a parent of Wearing apparel
Other transportable goods (except metal products, machinery and equipment) is a parent of Products of wood, cork, straw and plaiting materials Pulp, paper and paper products; printed matter and related articles
Training topics is a parent of Mine risk
Sanitation is a parent of Ventilated Improved pit latrines
Business and production services is a parent of Research and development services
Ores and minerals is a parent of Stone, sand and clay
Objects is a parent of Infrastructures
Services is a parent of Rental and leasing services
Hazards is a parent of Debris
Public information campaigns is a parent of Television campaigns
Community, social and personal services is a parent of Family reunification
Services is a parent of Real estate services
NGO is a parent of Unilateral
Textiles, apparel and leather products is a parent of Footwear
Transport services is a parent of Rental services of transport vehicles with operators
Short Term Housing is a parent of Temporary Communal Settlement
Agriculture, forestry and fishery products is a parent of Forestry and logging products
Long-term roads is a parent of Seoncdary
Community, social and personal services is a parent of Compulsory social security services
Income generation is a parent of Financial training
Goods is a parent of Food products and beverages
Water infrastructures is a parent of Dam
Government is a parent of Unilateral
Services is a parent of Electricity, gas and water distribution services
Thermal Energy is a parent of Nuclear
Rental and leasing services is a parent of Solid waste collection
Metal products, machinery and equipment is a parent of Electrical machinery and apparatus
Community, social and personal services is a parent of Education services
Textiles, apparel and leather products is a parent of Leather and leather products
Sanitation is a parent of Pit latrines with a slab
Water infrastructures is a parent of Well
Good WASH practices is a parent of Good hygiene practices
Chemical Energy is a parent of Batteries
Training topics is a parent of Peacekeeping mandate
Legal aid for displaced persons is a parent of Legal information programs
Infrastructures is a parent of Airports
Water infrastructures is a parent of Public tap
Larval source management is a parent of Larviciding
Events is a parent of Assessing
Hazards is a parent of Mines
Goods is a parent of Other transportable goods (except metal products, machinery and equipment)
Transport services is a parent of Freight transport services
Events is a parent of Maintaining
Bridge is a parent of Cable-stayed Bridge
Livestock services is a parent of Livestock destocking
Community, social and personal services is a parent of Recreational, cultural and sporting services
Goods is a parent of Metal products, machinery and equipment
Objects is a parent of Services
Airports is a parent of Run Ways
Private is a parent of Cooperatives
Business and production services is a parent of Larval source management
Public information campaigns is a parent of Radio campaigns
Water infrastructures is a parent of Protected Spring
Bridge is a parent of Beam Bridge
Sanitation is a parent of Waste Management
Training topics is a parent of Income generation
Textiles, apparel and leather products is a parent of Woven and tufted textile fabrics
Infrastructures is a parent of Telecommunication
IYCF is a parent of Balanced diet
Long-term roads is a parent of Primary
Community, social and personal services is a parent of Public administration and other services provided to the community as a whole
Thermal Energy is a parent of Solar Thermal Energy
Housing is a parent of Short Term Housing
Water infrastructures is a parent of Protected Dug Well
Communication materials is a parent of Billboards
Business and production services is a parent of Manufacturing services on physical inputs owned by others
Health facilities is a parent of Health post
Communication materials is a parent of Posters
Goods is a parent of Textiles, apparel and leather products
Services is a parent of Community, social and personal services
Goods is a parent of Cash and vouchers
Larval source management is a parent of Environmental management
Sanitation is a parent of Pit Latrine
Thermal Energy is a parent of Petroleum
Agriculture, forestry and fishery products is a parent of Live animals and animal products (excluding meat)
Transport services is a parent of Postal and courier services
Ores and minerals is a parent of Other minerals
Public information campaigns is a parent of Communication materials
Power Generation is a parent of Chemical Energy
Infrastructures is a parent of Roads
Operations is a parent of Conflict mediation
Operations is a parent of Pest control operation
Objects is a parent of Operations
Metal products, machinery and equipment is a parent of Transport equipment
Environmental management is a parent of Habitat modification
Community, social and personal services is a parent of Human and child rights monitoring
Environmental management is a parent of Habitat manipulation
Other transportable goods (except metal products, machinery and equipment) is a parent of Other chemical products; man-made fibres
NGO is a parent of Bilateral
Operations is a parent of Public information campaigns
Organizations is a parent of NGO
Organizations is a parent of Government
Agriculture, forestry and fishery products is a parent of Products of agriculture, horticulture and market gardening
Power Generation is a parent of Solar Electric
Business and production services is a parent of Support and operation services to agriculture, hunting, forestry, fishing, mining and utilities
Rental and leasing services is a parent of Recycling services
Income generation is a parent of Vocational training
Operations is a parent of Dialogue sessions
Health facilities is a parent of Nursing Home
Ores and minerals is a parent of Coal and peat
Ores and minerals is a parent of Uranium and thorium ores and concentrates Metal ores
Other transportable goods (except metal products, machinery and equipment) is a parent of Coke oven products; refined petroleum products; nuclear fuel
Sanitation is a parent of Composting Toilets
Housing is a parent of Long Term Housing
Health facilities is a parent of Health centre
Training topics is a parent of School attendance
Bridge is a parent of Suspension Bridges
Health facilities is a parent of Hospital
Potential Energy is a parent of Hydroelectric Dam
Training topics is a parent of Teaching
Community, social and personal services is a parent of Services of membership organizations
Business and production services is a parent of Professional, technical and business services (except research, development, legal and accounting services) Telecommunications, broadcasting and information supply services
Training topics is a parent of Public health
Private is a parent of Sole Proprietor
Water infrastructures is a parent of Piped Water to a Plot
Objects is a parent of Hazards
Health facilities is a parent of Surgery Center
Airports is a parent of Airplane Hangers
NGO is a parent of Multilateral
Food products and beverages is a parent of Other food products
Health facilities is a parent of Doctor's Office
Infrastructures is a parent of Health facilities
Infrastructures is a parent of Bridge
Operations is a parent of Community assessment
Metal products, machinery and equipment is a parent of Medical appliances, precision and optical instruments, watches and clocks
Long-term roads is a parent of Tertiary
Other transportable goods (except metal products, machinery and equipment) is a parent of Rubber and plastics products
Objects is a parent of Environment
Community, social and personal services is a parent of Human health and social care services
Infrastructures is a parent of Housing
Community, social and personal services is a parent of Legal aid for displaced persons
Private is a parent of Limited Companies
Other transportable goods (except metal products, machinery and equipment) is a parent of Basic chemicals
Community, social and personal services is a parent of School feeding
Services is a parent of Business and production services
Agriculture, forestry and fishery products is a parent of Fish and other fishing products
Textiles, apparel and leather products is a parent of Knitted or crocheted fabrics
Ores and minerals is a parent of Electricity, town gas, steam and hot water Natural water
Transport services is a parent of Passenger transport services
Community, social and personal services is a parent of Domestic services
Washing and bathing facilities is a parent of Hand-washing stations
Infrastructures is a parent of Washing and bathing facilities
Private is a parent of Partnership
Infrastructures is a parent of Power Generation
Operations is a parent of Peacekeeping mission
Events is a parent of Constructing
Business and production services is a parent of Maintenance, repair and installation (except construction) services
Food products and beverages is a parent of Beverages
Legal aid for displaced persons is a parent of Legal counselling
Thermal Energy is a parent of Coal
Legal aid for displaced persons is a parent of Legal aid programs
Private is a parent of Franchise
Airports is a parent of Airport Terminals
Health facilities is a parent of Field hospital
Goods is a parent of Ores and minerals
Bridge is a parent of Truss Bridge
Sanitation is a parent of Flush Toilet
Events is a parent of Conserving
Larval source management is a parent of Biological control
Food products and beverages is a parent of Meat, fish, fruits, vegetables, oils and fats
Government is a parent of Multilateral
Public information campaigns is a parent of Community awareness days
Communication materials is a parent of Leaflets
Business and production services is a parent of Support services
Power Generation is a parent of Potential Energy
Services is a parent of Transport services
Objects is a parent of Goods
Metal products, machinery and equipment is a parent of Office, accounting and computing machinery
Events is a parent of Protecting
Waste Management is a parent of Hazardous Waste Management
Rental and leasing services is a parent of Waste clean-up
Water infrastructures is a parent of Wastewater Plants
Events is a parent of Repairing
